[worker] job c2880b91-43dc-4c98-8453-b217ed6db566 starting at 2025-11-09T11:29:03.068Z
[worker] spawn: C:/Users/kingl/__code/next-scraper/backend-app/.venv/Scripts/python.exe C:/Users/kingl/__code/next-scraper/backend-app/baltimore_violations_scraper.py --neighborhoods ARMISTEAD GARDENS --out C:/Users/kingl/__code/next-scraper/backend-app/data --extract --skip-existing --headed

=== ARMISTEAD GARDENS ===
[info] Found 7 rows for ARMISTEAD GARDENS.
[row] 1/7 try 2582889A
[row] 1/7 trying strategy with 1 element(s)
[row] 1/7 path=popup
[row] 2/7 try 1898679A
[row] 2/7 trying strategy with 1 element(s)
[row] 2/7 path=popup
[row] 3/7 try 2582832A
[row] 3/7 trying strategy with 1 element(s)
[row] 3/7 path=popup
[row] 4/7 try 2370724A
[row] 4/7 trying strategy with 1 element(s)
[row] 4/7 path=popup
[row] 5/7 try 2429769A
[row] 5/7 trying strategy with 1 element(s)
[row] 5/7 path=popup
[row] 6/7 try 2472554A
[row] 6/7 trying strategy with 1 element(s)
[row] 6/7 path=popup
[row] 7/7 try 2326210A
[row] 7/7 trying strategy with 1 element(s)
[row] 7/7 path=popup
[info] Downloaded 7 PDFs for ARMISTEAD GARDENS.

Done. CSV: C:\Users\kingl\__code\next-scraper\backend-app\data\violations.csv
