[worker] job eb7f9bdb-37c4-4648-84f5-1b911ae61378 starting at 2025-11-09T11:04:03.110Z
[worker] spawn: C:/Users/kingl/__code/next-scraper/backend-app/.venv/Scripts/python.exe C:/Users/kingl/__code/next-scraper/backend-app/baltimore_violations_scraper.py --neighborhoods ARCADIA --out C:/Users/kingl/__code/next-scraper/backend-app/data --extract --max-pdfs-per-neighborhood 1 --skip-existing
Traceback (most recent call last):
  File "C:\Users\kingl\__code\next-scraper\backend-app\baltimore_violations_scraper.py", line 525, in <module>
    asyncio.run(run(
  File "C:\Users\kingl\AppData\Local\Programs\Python\Python311\Lib\asyncio\runners.py", line 190, in run
    return runner.run(main)
           ^^^^^^^^^^^^^^^^
  File "C:\Users\kingl\AppData\Local\Programs\Python\Python311\Lib\asyncio\runners.py", line 118, in run
    return self._loop.run_until_complete(task)
           ^^^^^^^^^^^^^^^^^^^^^^^^^^^^^^^^^^^
  File "C:\Users\kingl\AppData\Local\Programs\Python\Python311\Lib\asyncio\base_events.py", line 653, in run_until_complete
    return future.result()
           ^^^^^^^^^^^^^^^
  File "C:\Users\kingl\__code\next-scraper\backend-app\baltimore_violations_scraper.py", line 392, in run
    browser = await p.chromium.launch(
              ^^^^^^^^^^^^^^^^^^^^^^^^
  File "C:\Users\kingl\__code\next-scraper\backend-app\.venv\Lib\site-packages\playwright\async_api\_generated.py", line 14115, in launch
    await self._impl_obj.launch(
  File "C:\Users\kingl\__code\next-scraper\backend-app\.venv\Lib\site-packages\playwright\_impl\_browser_type.py", line 95, in launch
    Browser, from_channel(await self._channel.send("launch", params))
                          ^^^^^^^^^^^^^^^^^^^^^^^^^^^^^^^^^^^^^^^^^^
  File "C:\Users\kingl\__code\next-scraper\backend-app\.venv\Lib\site-packages\playwright\_impl\_connection.py", line 59, in send
    return await self._connection.wrap_api_call(
           ^^^^^^^^^^^^^^^^^^^^^^^^^^^^^^^^^^^^^
  File "C:\Users\kingl\__code\next-scraper\backend-app\.venv\Lib\site-packages\playwright\_impl\_connection.py", line 514, in wrap_api_call
    raise rewrite_error(error, f"{parsed_st['apiName']}: {error}") from None
playwright._impl._errors.TargetClosedError: BrowserType.launch: Target page, context or browser has been closed
Browser logs:

<launching> C:\Program Files\Google\Chrome\Application\chrome.exe --disable-field-trial-config --disable-background-networking --disable-background-timer-throttling --disable-backgrounding-occluded-windows --disable-back-forward-cache --disable-breakpad --disable-client-side-phishing-detection --disable-component-extensions-with-background-pages --disable-component-update --no-default-browser-check --disable-default-apps --disable-dev-shm-usage --disable-extensions --disable-features=ImprovedCookieControls,LazyFrameLoading,GlobalMediaControls,DestroyProfileOnBrowserClose,MediaRouter,DialMediaRouteProvider,AcceptCHFrame,AutoExpandDetailsElement,CertificateTransparencyComponentUpdater,AvoidUnnecessaryBeforeUnloadCheckSync,Translate,HttpsUpgrades,PaintHolding,PlzDedicatedWorker --allow-pre-commit-input --disable-hang-monitor --disable-ipc-flooding-protection --disable-popup-blocking --disable-prompt-on-repost --disable-renderer-backgrounding --force-color-profile=srgb --metrics-recording-only --no-first-run --enable-automation --password-store=basic --use-mock-keychain --no-service-autorun --export-tagged-pdf --disable-search-engine-choice-screen --unsafely-disable-devtools-self-xss-warnings --headless=old --hide-scrollbars --mute-audio --blink-settings=primaryHoverType=2,availableHoverTypes=2,primaryPointerType=4,availablePointerTypes=4 --no-sandbox --disable-blink-features=AutomationControlled --disable-gpu --no-sandbox --disable-dev-shm-usage --user-data-dir=C:\Users\kingl\AppData\Local\Temp\playwright_chromiumdev_profile-UVCJb7 --remote-debugging-pipe --no-startup-window
<launched> pid=53664
[pid=53664][err] Old Headless mode has been removed from the Chrome binary. Please use the new Headless mode (https://developer.chrome.com/docs/chromium/new-headless) or the chrome-headless-shell which is a standalone implementation of the old Headless mode (https://developer.chrome.com/blog/chrome-headless-shell).
[pid=53664][err] 
Call log:
<launching> C:\Program Files\Google\Chrome\Application\chrome.exe --disable-field-trial-config --disable-background-networking --disable-background-timer-throttling --disable-backgrounding-occluded-windows --disable-back-forward-cache --disable-breakpad --disable-client-side-phishing-detection --disable-component-extensions-with-background-pages --disable-component-update --no-default-browser-check --disable-default-apps --disable-dev-shm-usage --disable-extensions --disable-features=ImprovedCookieControls,LazyFrameLoading,GlobalMediaControls,DestroyProfileOnBrowserClose,MediaRouter,DialMediaRouteProvider,AcceptCHFrame,AutoExpandDetailsElement,CertificateTransparencyComponentUpdater,AvoidUnnecessaryBeforeUnloadCheckSync,Translate,HttpsUpgrades,PaintHolding,PlzDedicatedWorker --allow-pre-commit-input --disable-hang-monitor --disable-ipc-flooding-protection --disable-popup-blocking --disable-prompt-on-repost --disable-renderer-backgrounding --force-color-profile=srgb --metrics-recording-only --no-first-run --enable-automation --password-store=basic --use-mock-keychain --no-service-autorun --export-tagged-pdf --disable-search-engine-choice-screen --unsafely-disable-devtools-self-xss-warnings --headless=old --hide-scrollbars --mute-audio --blink-settings=primaryHoverType=2,availableHoverTypes=2,primaryPointerType=4,availablePointerTypes=4 --no-sandbox --disable-blink-features=AutomationControlled --disable-gpu --no-sandbox --disable-dev-shm-usage --user-data-dir=C:\Users\kingl\AppData\Local\Temp\playwright_chromiumdev_profile-UVCJb7 --remote-debugging-pipe --no-startup-window
  - <launched> pid=53664
  - [pid=53664][err] Old Headless mode has been removed from the Chrome binary. Please use the new Headless mode (https://developer.chrome.com/docs/chromium/new-headless) or the chrome-headless-shell which is a standalone implementation of the old Headless mode (https://developer.chrome.com/blog/chrome-headless-shell).
  - [pid=53664][err] 

[worker] job eb7f9bdb-37c4-4648-84f5-1b911ae61378 starting at 2025-11-09T11:04:06.874Z
[worker] spawn: C:/Users/kingl/__code/next-scraper/backend-app/.venv/Scripts/python.exe C:/Users/kingl/__code/next-scraper/backend-app/baltimore_violations_scraper.py --neighborhoods ARCADIA --out C:/Users/kingl/__code/next-scraper/backend-app/data --extract --max-pdfs-per-neighborhood 1 --skip-existing
Traceback (most recent call last):
  File "C:\Users\kingl\__code\next-scraper\backend-app\baltimore_violations_scraper.py", line 525, in <module>
    asyncio.run(run(
  File "C:\Users\kingl\AppData\Local\Programs\Python\Python311\Lib\asyncio\runners.py", line 190, in run
    return runner.run(main)
           ^^^^^^^^^^^^^^^^
  File "C:\Users\kingl\AppData\Local\Programs\Python\Python311\Lib\asyncio\runners.py", line 118, in run
    return self._loop.run_until_complete(task)
           ^^^^^^^^^^^^^^^^^^^^^^^^^^^^^^^^^^^
  File "C:\Users\kingl\AppData\Local\Programs\Python\Python311\Lib\asyncio\base_events.py", line 653, in run_until_complete
    return future.result()
           ^^^^^^^^^^^^^^^
  File "C:\Users\kingl\__code\next-scraper\backend-app\baltimore_violations_scraper.py", line 392, in run
    browser = await p.chromium.launch(
              ^^^^^^^^^^^^^^^^^^^^^^^^
  File "C:\Users\kingl\__code\next-scraper\backend-app\.venv\Lib\site-packages\playwright\async_api\_generated.py", line 14115, in launch
    await self._impl_obj.launch(
  File "C:\Users\kingl\__code\next-scraper\backend-app\.venv\Lib\site-packages\playwright\_impl\_browser_type.py", line 95, in launch
    Browser, from_channel(await self._channel.send("launch", params))
                          ^^^^^^^^^^^^^^^^^^^^^^^^^^^^^^^^^^^^^^^^^^
  File "C:\Users\kingl\__code\next-scraper\backend-app\.venv\Lib\site-packages\playwright\_impl\_connection.py", line 59, in send
    return await self._connection.wrap_api_call(
           ^^^^^^^^^^^^^^^^^^^^^^^^^^^^^^^^^^^^^
  File "C:\Users\kingl\__code\next-scraper\backend-app\.venv\Lib\site-packages\playwright\_impl\_connection.py", line 514, in wrap_api_call
    raise rewrite_error(error, f"{parsed_st['apiName']}: {error}") from None
playwright._impl._errors.TargetClosedError: BrowserType.launch: Target page, context or browser has been closed
Browser logs:

<launching> C:\Program Files\Google\Chrome\Application\chrome.exe --disable-field-trial-config --disable-background-networking --disable-background-timer-throttling --disable-backgrounding-occluded-windows --disable-back-forward-cache --disable-breakpad --disable-client-side-phishing-detection --disable-component-extensions-with-background-pages --disable-component-update --no-default-browser-check --disable-default-apps --disable-dev-shm-usage --disable-extensions --disable-features=ImprovedCookieControls,LazyFrameLoading,GlobalMediaControls,DestroyProfileOnBrowserClose,MediaRouter,DialMediaRouteProvider,AcceptCHFrame,AutoExpandDetailsElement,CertificateTransparencyComponentUpdater,AvoidUnnecessaryBeforeUnloadCheckSync,Translate,HttpsUpgrades,PaintHolding,PlzDedicatedWorker --allow-pre-commit-input --disable-hang-monitor --disable-ipc-flooding-protection --disable-popup-blocking --disable-prompt-on-repost --disable-renderer-backgrounding --force-color-profile=srgb --metrics-recording-only --no-first-run --enable-automation --password-store=basic --use-mock-keychain --no-service-autorun --export-tagged-pdf --disable-search-engine-choice-screen --unsafely-disable-devtools-self-xss-warnings --headless=old --hide-scrollbars --mute-audio --blink-settings=primaryHoverType=2,availableHoverTypes=2,primaryPointerType=4,availablePointerTypes=4 --no-sandbox --disable-blink-features=AutomationControlled --disable-gpu --no-sandbox --disable-dev-shm-usage --user-data-dir=C:\Users\kingl\AppData\Local\Temp\playwright_chromiumdev_profile-l0iNLa --remote-debugging-pipe --no-startup-window
<launched> pid=45668
[pid=45668][err] Old Headless mode has been removed from the Chrome binary. Please use the new Headless mode (https://developer.chrome.com/docs/chromium/new-headless) or the chrome-headless-shell which is a standalone implementation of the old Headless mode (https://developer.chrome.com/blog/chrome-headless-shell).
[pid=45668][err] 
Call log:
<launching> C:\Program Files\Google\Chrome\Application\chrome.exe --disable-field-trial-config --disable-background-networking --disable-background-timer-throttling --disable-backgrounding-occluded-windows --disable-back-forward-cache --disable-breakpad --disable-client-side-phishing-detection --disable-component-extensions-with-background-pages --disable-component-update --no-default-browser-check --disable-default-apps --disable-dev-shm-usage --disable-extensions --disable-features=ImprovedCookieControls,LazyFrameLoading,GlobalMediaControls,DestroyProfileOnBrowserClose,MediaRouter,DialMediaRouteProvider,AcceptCHFrame,AutoExpandDetailsElement,CertificateTransparencyComponentUpdater,AvoidUnnecessaryBeforeUnloadCheckSync,Translate,HttpsUpgrades,PaintHolding,PlzDedicatedWorker --allow-pre-commit-input --disable-hang-monitor --disable-ipc-flooding-protection --disable-popup-blocking --disable-prompt-on-repost --disable-renderer-backgrounding --force-color-profile=srgb --metrics-recording-only --no-first-run --enable-automation --password-store=basic --use-mock-keychain --no-service-autorun --export-tagged-pdf --disable-search-engine-choice-screen --unsafely-disable-devtools-self-xss-warnings --headless=old --hide-scrollbars --mute-audio --blink-settings=primaryHoverType=2,availableHoverTypes=2,primaryPointerType=4,availablePointerTypes=4 --no-sandbox --disable-blink-features=AutomationControlled --disable-gpu --no-sandbox --disable-dev-shm-usage --user-data-dir=C:\Users\kingl\AppData\Local\Temp\playwright_chromiumdev_profile-l0iNLa --remote-debugging-pipe --no-startup-window
  - <launched> pid=45668
  - [pid=45668][err] Old Headless mode has been removed from the Chrome binary. Please use the new Headless mode (https://developer.chrome.com/docs/chromium/new-headless) or the chrome-headless-shell which is a standalone implementation of the old Headless mode (https://developer.chrome.com/blog/chrome-headless-shell).
  - [pid=45668][err] 

[worker] job eb7f9bdb-37c4-4648-84f5-1b911ae61378 starting at 2025-11-09T11:04:12.812Z
[worker] spawn: C:/Users/kingl/__code/next-scraper/backend-app/.venv/Scripts/python.exe C:/Users/kingl/__code/next-scraper/backend-app/baltimore_violations_scraper.py --neighborhoods ARCADIA --out C:/Users/kingl/__code/next-scraper/backend-app/data --extract --max-pdfs-per-neighborhood 1 --skip-existing
Traceback (most recent call last):
  File "C:\Users\kingl\__code\next-scraper\backend-app\baltimore_violations_scraper.py", line 525, in <module>
    asyncio.run(run(
  File "C:\Users\kingl\AppData\Local\Programs\Python\Python311\Lib\asyncio\runners.py", line 190, in run
    return runner.run(main)
           ^^^^^^^^^^^^^^^^
  File "C:\Users\kingl\AppData\Local\Programs\Python\Python311\Lib\asyncio\runners.py", line 118, in run
    return self._loop.run_until_complete(task)
           ^^^^^^^^^^^^^^^^^^^^^^^^^^^^^^^^^^^
  File "C:\Users\kingl\AppData\Local\Programs\Python\Python311\Lib\asyncio\base_events.py", line 653, in run_until_complete
    return future.result()
           ^^^^^^^^^^^^^^^
  File "C:\Users\kingl\__code\next-scraper\backend-app\baltimore_violations_scraper.py", line 392, in run
    browser = await p.chromium.launch(
              ^^^^^^^^^^^^^^^^^^^^^^^^
  File "C:\Users\kingl\__code\next-scraper\backend-app\.venv\Lib\site-packages\playwright\async_api\_generated.py", line 14115, in launch
    await self._impl_obj.launch(
  File "C:\Users\kingl\__code\next-scraper\backend-app\.venv\Lib\site-packages\playwright\_impl\_browser_type.py", line 95, in launch
    Browser, from_channel(await self._channel.send("launch", params))
                          ^^^^^^^^^^^^^^^^^^^^^^^^^^^^^^^^^^^^^^^^^^
  File "C:\Users\kingl\__code\next-scraper\backend-app\.venv\Lib\site-packages\playwright\_impl\_connection.py", line 59, in send
    return await self._connection.wrap_api_call(
           ^^^^^^^^^^^^^^^^^^^^^^^^^^^^^^^^^^^^^
  File "C:\Users\kingl\__code\next-scraper\backend-app\.venv\Lib\site-packages\playwright\_impl\_connection.py", line 514, in wrap_api_call
    raise rewrite_error(error, f"{parsed_st['apiName']}: {error}") from None
playwright._impl._errors.TargetClosedError: BrowserType.launch: Target page, context or browser has been closed
Browser logs:

<launching> C:\Program Files\Google\Chrome\Application\chrome.exe --disable-field-trial-config --disable-background-networking --disable-background-timer-throttling --disable-backgrounding-occluded-windows --disable-back-forward-cache --disable-breakpad --disable-client-side-phishing-detection --disable-component-extensions-with-background-pages --disable-component-update --no-default-browser-check --disable-default-apps --disable-dev-shm-usage --disable-extensions --disable-features=ImprovedCookieControls,LazyFrameLoading,GlobalMediaControls,DestroyProfileOnBrowserClose,MediaRouter,DialMediaRouteProvider,AcceptCHFrame,AutoExpandDetailsElement,CertificateTransparencyComponentUpdater,AvoidUnnecessaryBeforeUnloadCheckSync,Translate,HttpsUpgrades,PaintHolding,PlzDedicatedWorker --allow-pre-commit-input --disable-hang-monitor --disable-ipc-flooding-protection --disable-popup-blocking --disable-prompt-on-repost --disable-renderer-backgrounding --force-color-profile=srgb --metrics-recording-only --no-first-run --enable-automation --password-store=basic --use-mock-keychain --no-service-autorun --export-tagged-pdf --disable-search-engine-choice-screen --unsafely-disable-devtools-self-xss-warnings --headless=old --hide-scrollbars --mute-audio --blink-settings=primaryHoverType=2,availableHoverTypes=2,primaryPointerType=4,availablePointerTypes=4 --no-sandbox --disable-blink-features=AutomationControlled --disable-gpu --no-sandbox --disable-dev-shm-usage --user-data-dir=C:\Users\kingl\AppData\Local\Temp\playwright_chromiumdev_profile-ran5qE --remote-debugging-pipe --no-startup-window
<launched> pid=21944
[pid=21944][err] Old Headless mode has been removed from the Chrome binary. Please use the new Headless mode (https://developer.chrome.com/docs/chromium/new-headless) or the chrome-headless-shell which is a standalone implementation of the old Headless mode (https://developer.chrome.com/blog/chrome-headless-shell).
[pid=21944][err] 
Call log:
<launching> C:\Program Files\Google\Chrome\Application\chrome.exe --disable-field-trial-config --disable-background-networking --disable-background-timer-throttling --disable-backgrounding-occluded-windows --disable-back-forward-cache --disable-breakpad --disable-client-side-phishing-detection --disable-component-extensions-with-background-pages --disable-component-update --no-default-browser-check --disable-default-apps --disable-dev-shm-usage --disable-extensions --disable-features=ImprovedCookieControls,LazyFrameLoading,GlobalMediaControls,DestroyProfileOnBrowserClose,MediaRouter,DialMediaRouteProvider,AcceptCHFrame,AutoExpandDetailsElement,CertificateTransparencyComponentUpdater,AvoidUnnecessaryBeforeUnloadCheckSync,Translate,HttpsUpgrades,PaintHolding,PlzDedicatedWorker --allow-pre-commit-input --disable-hang-monitor --disable-ipc-flooding-protection --disable-popup-blocking --disable-prompt-on-repost --disable-renderer-backgrounding --force-color-profile=srgb --metrics-recording-only --no-first-run --enable-automation --password-store=basic --use-mock-keychain --no-service-autorun --export-tagged-pdf --disable-search-engine-choice-screen --unsafely-disable-devtools-self-xss-warnings --headless=old --hide-scrollbars --mute-audio --blink-settings=primaryHoverType=2,availableHoverTypes=2,primaryPointerType=4,availablePointerTypes=4 --no-sandbox --disable-blink-features=AutomationControlled --disable-gpu --no-sandbox --disable-dev-shm-usage --user-data-dir=C:\Users\kingl\AppData\Local\Temp\playwright_chromiumdev_profile-ran5qE --remote-debugging-pipe --no-startup-window
  - <launched> pid=21944
  - [pid=21944][err] Old Headless mode has been removed from the Chrome binary. Please use the new Headless mode (https://developer.chrome.com/docs/chromium/new-headless) or the chrome-headless-shell which is a standalone implementation of the old Headless mode (https://developer.chrome.com/blog/chrome-headless-shell).
  - [pid=21944][err] 

