[worker] job 40595708-e4d5-4408-9bb8-5a34f419424b starting at 2025-11-08T07:17:50.069Z
[worker] spawn: C:/Users/kingl/__code/next-scraper/backend-app/.venv/Scripts/python.exe C:/Users/kingl/__code/next-scraper/backend-app/baltimore_violations_scraper.py --neighborhoods ARCADIA --out C:/Users/kingl/__code/next-scraper/backend-app/data --extract --max-pdfs-per-neighborhood 1 --skip-existing

=== ARCADIA ===
[info] Found 21 rows for ARCADIA.
[row] 1/21 try 1035079A
[row] 1/21 timeout after 12s
[row] 1/21 no-pdf
[row] 2/21 try 2517697A
[row] 2/21 timeout after 12s
[row] 2/21 no-pdf
[row] 3/21 try 2356933A
[row] 3/21 timeout after 12s
[row] 3/21 no-pdf
[row] 4/21 try 2114318A
[row] 4/21 timeout after 12s
[row] 4/21 no-pdf
[row] 5/21 try 1035060A
[row] 5/21 timeout after 12s
[row] 5/21 no-pdf
[row] 6/21 try 2348572A
[row] 6/21 timeout after 12s
[row] 6/21 no-pdf
[row] 7/21 try 2411752A
[row] 7/21 timeout after 12s
[row] 7/21 no-pdf
[row] 8/21 try 998459A
[row] 8/21 timeout after 12s
[row] 8/21 no-pdf
[row] 9/21 try 2276097A
[row] 9/21 timeout after 12s
[row] 9/21 no-pdf
[row] 10/21 try 2510005A
[row] 10/21 timeout after 12s
[row] 10/21 no-pdf
[row] 11/21 try 2320172A
[row] 11/21 timeout after 12s
[row] 11/21 no-pdf
[row] 12/21 try 2530446A
[row] 12/21 timeout after 12s
[row] 12/21 no-pdf
[row] 13/21 try 2541459A
[row] 13/21 timeout after 12s
[row] 13/21 no-pdf
[row] 14/21 try 2275630A
[row] 14/21 timeout after 12s
[row] 14/21 no-pdf
[row] 15/21 try 2476471A
[row] 15/21 timeout after 12s
[row] 15/21 no-pdf
[row] 16/21 try 2478950A
[row] 16/21 timeout after 12s
[row] 16/21 no-pdf
[row] 17/21 try 2247003A
[row] 17/21 timeout after 12s
[row] 17/21 no-pdf
[row] 18/21 try 2185652A
[row] 18/21 timeout after 12s
[row] 18/21 no-pdf
[row] 19/21 try 2256558A
[row] 19/21 timeout after 12s
[row] 19/21 no-pdf
[row] 20/21 try 2300730A
[row] 20/21 timeout after 12s
[row] 20/21 no-pdf
[row] 21/21 try 2530442A
[row] 21/21 timeout after 12s
[row] 21/21 no-pdf
[info] Downloaded 0 PDFs for ARCADIA.

Done. CSV: C:\Users\kingl\__code\next-scraper\backend-app\data\violations.csv
