
=== ALLENDALE ===
[info] Found 193 rows for ALLENDALE.
[row] 1/193 try 2507650A
[row] 1/193 skip (exists)
[row] 2/193 try 2210780A
[row] 2/193 skip (exists)
[row] 3/193 try 2574529A
[row] 3/193 skip (exists)
[row] 4/193 try 1608046A
[row] 4/193 skip (exists)
[row] 5/193 try 2424818A
[row] 5/193 skip (exists)
[row] 6/193 try 2097020A
[row] 6/193 skip (exists)
[row] 7/193 try 986023A
[row] 7/193 skip (exists)
[row] 8/193 try 2249982A
[row] 8/193 skip (exists)
[row] 9/193 try 699305A
[row] 9/193 skip (exists)
[row] 10/193 try 1709598A
[row] 10/193 skip (exists)
[row] 11/193 try 1719376A
[row] 11/193 skip (exists)
[row] 12/193 try 2275396A
[row] 12/193 skip (exists)
[row] 13/193 try 870418A
[row] 13/193 skip (exists)
[row] 14/193 try 1911540A
[row] 14/193 skip (exists)
[row] 15/193 try 2023817A
[row] 15/193 skip (exists)
[row] 16/193 try 1776488A
[row] 16/193 skip (exists)
[row] 17/193 try 2364008A
[row] 17/193 skip (exists)
[row] 18/193 try 1970603A
[row] 18/193 skip (exists)
[row] 19/193 try 1051205A
[row] 19/193 skip (exists)
[row] 20/193 try 2100918A
[row] 20/193 skip (exists)
[row] 21/193 try 1941979A
[row] 21/193 skip (exists)
[row] 22/193 try 1685522A
[row] 22/193 skip (exists)
[row] 23/193 try 2247749A
[row] 23/193 skip (exists)
[row] 24/193 try 2432427A
[row] 24/193 skip (exists)
[row] 25/193 try 1695629A
[row] 25/193 skip (exists)
[row] 26/193 try 2251366A
[row] 26/193 skip (exists)
[row] 27/193 try 1738041A
[row] 27/193 skip (exists)
[row] 28/193 try 2462122A
[row] 28/193 skip (exists)
[row] 29/193 try 1697234A
[row] 29/193 timeout after 12s
[row] 29/193 no-pdf
[row] 30/193 try 2101926A
[row] 30/193 timeout after 12s
[row] 30/193 no-pdf
[row] 31/193 try 2276382A
[row] 31/193 timeout after 12s
[row] 31/193 no-pdf
[row] 32/193 try 1657453A
[row] 32/193 timeout after 12s
[row] 32/193 no-pdf
[row] 33/193 try 1241645A
[row] 33/193 timeout after 12s
[row] 33/193 no-pdf
[row] 34/193 try 2202542A
[row] 34/193 timeout after 12s
[row] 34/193 no-pdf
[row] 35/193 try 1607746A
[row] 35/193 timeout after 12s
[row] 35/193 no-pdf
[row] 36/193 try 2564525A
[row] 36/193 timeout after 12s
[row] 36/193 no-pdf
[row] 37/193 try 2585514A
[row] 37/193 timeout after 12s
[row] 37/193 no-pdf
[row] 38/193 try 2436627A
[row] 38/193 timeout after 12s
[row] 38/193 no-pdf
[row] 39/193 try 1504859A
[row] 39/193 timeout after 12s
[row] 39/193 no-pdf
[row] 40/193 try 216617A
[row] 40/193 timeout after 12s
[row] 40/193 no-pdf
[row] 41/193 try 2540254A
[row] 41/193 timeout after 12s
[row] 41/193 no-pdf
[row] 42/193 try 216640A
[row] 42/193 timeout after 12s
[row] 42/193 no-pdf
[row] 43/193 try 2349010A
[row] 43/193 timeout after 12s
[row] 43/193 no-pdf
[row] 44/193 try 1245139A
[row] 44/193 timeout after 12s
[row] 44/193 no-pdf
[row] 45/193 try 1347443A
[row] 45/193 timeout after 12s
[row] 45/193 no-pdf
[row] 46/193 try 1186686A
[row] 46/193 timeout after 12s
[row] 46/193 no-pdf
[row] 47/193 try 1472372A
[row] 47/193 timeout after 12s
[row] 47/193 no-pdf
[row] 48/193 try 2015520A
[row] 48/193 timeout after 12s
[row] 48/193 no-pdf
[row] 49/193 try 1554853A
[row] 49/193 timeout after 12s
[row] 49/193 no-pdf
[row] 50/193 try 2101477A
